<?xml version="1.0" encoding="UTF-8"?>
<!-- Generated by org.testng.reporters.JUnitReportReporter -->
<testsuite hostname="IBM166-PC09E96K" name="IBM.Learning.TestWebappTest" tests="1" failures="0" timestamp="11 Sep 2019 10:04:14 GMT" time="0.802" errors="0">
  <testcase name="loginTest" time="0.802" classname="IBM.Learning.TestWebappTest"/>
</testsuite> <!-- IBM.Learning.TestWebappTest -->
