<?xml version="1.0" encoding="UTF-8"?>
<!-- Generated by org.testng.reporters.JUnitReportReporter -->
<testsuite hostname="IBM166-PC09E96K" name="com.training.sanity.tests.LoginTests" tests="1" failures="0" timestamp="1 Sep 2019 10:11:03 GMT" time="11.040" errors="0">
  <testcase name="validLoginTest" time="11.040" classname="com.training.sanity.tests.LoginTests"/>
</testsuite> <!-- com.training.sanity.tests.LoginTests -->
